<?xml version="1.0" encoding="UTF-8"?>
<!-- Generated by org.testng.reporters.JUnitReportReporter -->
<testsuite hostname="TarushDubale" failures="0" tests="4" name="test.GroupingInSmokeAndRegression" time="0.038" errors="0" timestamp="2025-07-31T20:37:55 IST" skipped="0">
  <testcase classname="test.GroupingInSmokeAndRegression" name="regressionTestingOne" time="0.003"/>
  <system-out/>
  <testcase classname="test.GroupingInSmokeAndRegression" name="regressionTestingthree" time="0.004"/>
  <system-out/>
  <testcase classname="test.GroupingInSmokeAndRegression" name="bothSmokeAndRegression" time="0.028"/>
  <system-out/>
  <testcase classname="test.GroupingInSmokeAndRegression" name="regressionTestingTwo" time="0.003"/>
  <system-out/>
</testsuite> <!-- test.GroupingInSmokeAndRegression -->
