<?xml version="1.0" encoding="UTF-8"?>
<!-- Generated by org.testng.reporters.JUnitReportReporter -->
<testsuite hostname="TarushDubale" failures="0" tests="2" name="core.Annotations" time="0.025" errors="0" timestamp="2025-07-28T20:23:46 IST" skipped="0">
  <testcase classname="core.Annotations" name="testCaseTwo" time="0.005"/>
  <system-out/>
  <testcase classname="core.Annotations" name="testCaseOne" time="0.020"/>
  <system-out/>
</testsuite> <!-- core.Annotations -->
