<?xml version="1.0" encoding="UTF-8"?>
<!-- Generated by org.testng.reporters.JUnitReportReporter -->
<testsuite hostname="TarushDubale" failures="0" tests="4" name="core.PriorityClass" time="0.048" errors="0" timestamp="2025-07-28T20:32:27 IST" skipped="0">
  <testcase classname="core.PriorityClass" name="four" time="0.037"/>
  <system-out/>
  <testcase classname="core.PriorityClass" name="three" time="0.003"/>
  <system-out/>
  <testcase classname="core.PriorityClass" name="one" time="0.004"/>
  <system-out/>
  <testcase classname="core.PriorityClass" name="two" time="0.004"/>
  <system-out/>
</testsuite> <!-- core.PriorityClass -->
