<?xml version="1.0" encoding="UTF-8"?>
<!-- Generated by org.testng.reporters.JUnitReportReporter -->
<testsuite hostname="TarushDubale" failures="0" tests="3" name="data.LoginByUsingDataProvider" time="28.685" errors="0" timestamp="2025-08-04T20:49:10 IST" skipped="0">
  <testcase classname="data.LoginByUsingDataProvider" name="loginMethod" time="9.833"/>
  <system-out/>
  <testcase classname="data.LoginByUsingDataProvider" name="loginMethod" time="7.999"/>
  <system-out/>
  <testcase classname="data.LoginByUsingDataProvider" name="loginMethod" time="10.853"/>
  <system-out/>
</testsuite> <!-- data.LoginByUsingDataProvider -->
