<?xml version="1.0" encoding="UTF-8"?>
<!-- Generated by org.testng.reporters.JUnitReportReporter -->
<testsuite hostname="TarushDubale" failures="0" tests="1" name="test.BrowserLaunchUsingParametrization" time="10.008" errors="0" timestamp="2025-07-31T20:59:47 IST" skipped="0">
  <testcase classname="test.BrowserLaunchUsingParametrization" name="launchBrowserChromeAndFirefox" time="10.008"/>
  <system-out/>
</testsuite> <!-- test.BrowserLaunchUsingParametrization -->
