<?xml version="1.0" encoding="UTF-8"?>
<!-- Generated by org.testng.reporters.JUnitReportReporter -->
<testsuite hostname="TarushDubale" failures="0" tests="6" name="core.EnableAndDisable" time="0.051" errors="0" timestamp="2025-07-28T20:38:57 IST" skipped="2">
  <testcase classname="core.EnableAndDisable" name="four" time="0.006"/>
  <system-out/>
  <testcase classname="core.EnableAndDisable" name="five" time="0.030"/>
  <system-out/>
  <testcase classname="core.EnableAndDisable" name="three" time="0.008"/>
  <system-out/>
  <testcase classname="core.EnableAndDisable" name="six" time="0.007"/>
  <system-out/>
  <testcase classname="core.EnableAndDisable" name="one">
    <skipped/>
  </testcase> <!-- one -->
  <system-out/>
  <testcase classname="core.EnableAndDisable" name="two">
    <skipped/>
  </testcase> <!-- two -->
  <system-out/>
</testsuite> <!-- core.EnableAndDisable -->
