<?xml version="1.0" encoding="UTF-8"?>
<!-- Generated by org.testng.reporters.JUnitReportReporter -->
<testsuite hostname="TarushDubale" failures="0" tests="1" name="link.BrokenLinks" time="16.017" errors="0" timestamp="2025-08-05T21:00:45 IST" skipped="0">
  <testcase classname="link.BrokenLinks" name="links" time="16.017"/>
  <system-out/>
</testsuite> <!-- link.BrokenLinks -->
