<?xml version="1.0" encoding="UTF-8"?>
<!-- Generated by org.testng.reporters.JUnitReportReporter -->
<testsuite hostname="TarushDubale" failures="0" tests="1" name="test.BrowserLaunch" time="16.554" errors="0" timestamp="2025-07-31T20:49:56 IST" skipped="0">
  <testcase classname="test.BrowserLaunch" name="launchBrowserChromeAndFirefox" time="16.554"/>
  <system-out/>
</testsuite> <!-- test.BrowserLaunch -->
