<?xml version="1.0" encoding="UTF-8"?>
<!-- Generated by org.testng.reporters.JUnitReportReporter -->
<testsuite hostname="TarushDubale" failures="0" tests="2" name="core.MethodAnnotationsCencept" time="7.098" errors="0" timestamp="2025-07-30T20:18:37 IST" skipped="0">
  <testcase classname="core.MethodAnnotationsCencept" name="loginTwo" time="4.345"/>
  <system-out/>
  <testcase classname="core.MethodAnnotationsCencept" name="loginOne" time="2.753"/>
  <system-out/>
</testsuite> <!-- core.MethodAnnotationsCencept -->
