<?xml version="1.0" encoding="UTF-8"?>
<!-- Generated by org.testng.reporters.JUnitReportReporter -->
<testsuite hostname="TarushDubale" failures="0" tests="2" name="data.DataProviderConcept" time="0.031" errors="0" timestamp="2025-08-04T20:33:26 IST" skipped="0">
  <testcase classname="data.DataProviderConcept" name="testCAseOne" time="0.027"/>
  <system-out/>
  <testcase classname="data.DataProviderConcept" name="testCAseOne" time="0.004"/>
  <system-out/>
</testsuite> <!-- data.DataProviderConcept -->
