<?xml version="1.0" encoding="UTF-8"?>
<!-- Generated by org.testng.reporters.JUnitReportReporter -->
<testsuite hostname="TarushDubale" failures="0" tests="6" name="core.DependsOn" time="0.047" errors="0" timestamp="2025-07-28T20:44:58 IST" skipped="0">
  <testcase classname="core.DependsOn" name="three" time="0.004"/>
  <system-out/>
  <testcase classname="core.DependsOn" name="five" time="0.003"/>
  <system-out/>
  <testcase classname="core.DependsOn" name="six" time="0.006"/>
  <system-out/>
  <testcase classname="core.DependsOn" name="one" time="0.027"/>
  <system-out/>
  <testcase classname="core.DependsOn" name="four" time="0.003"/>
  <system-out/>
  <testcase classname="core.DependsOn" name="two" time="0.004"/>
  <system-out/>
</testsuite> <!-- core.DependsOn -->
