<?xml version="1.0" encoding="UTF-8"?>
<!-- Generated by org.testng.reporters.JUnitReportReporter -->
<testsuite hostname="TarushDubale" failures="0" tests="1" name="link.SearchLinkCount" time="12.750" errors="0" timestamp="2025-08-05T20:23:41 IST" skipped="0">
  <testcase classname="link.SearchLinkCount" name="links" time="12.750"/>
  <system-out/>
</testsuite> <!-- link.SearchLinkCount -->
